----------------------
Make genmap...
----------------------
make[1]: Entering directory '/home/prabal/workstation/git_me/Nek5000/tools/genmap'
gfortran -c -fdefault-real-8 genmap.f
genmap.f:906:18:

       len = indx1(prompt,'$',1) - 1
                  1
Warning: Rank mismatch in argument ‘s1’ at (1) (scalar and rank-1)
genmap.f:241:24:

          call linearmsh(cell,nelv,nelt,ndim)
                        1
Warning: Actual argument contains too few elements for dummy argument ‘cell’ (1/2) at (1)
genmap.f:396:27:

          call cscan(string,'MESH DATA',9)
                           1
Warning: Character length of actual argument shorter than of dummy argument ‘key’ (9/80) at (1)
genmap.f:3415:9:

      $  ('Error opening file in open_bin_file ',ierr)
         1
Warning: Character length of actual argument shorter than of dummy argument ‘name’ (36/40) at (1)
genmap.f:3418:9:

      $  ('Error reading header in open_bin_file ',ierr)
         1
Warning: Character length of actual argument shorter than of dummy argument ‘name’ (38/40) at (1)
genmap.f:3334:10:

      $   ('Error byte_reverse in buf_to_xy ',ierr)
          1
Warning: Character length of actual argument shorter than of dummy argument ‘name’ (32/40) at (1)
genmap.f:3337:21:

          call copyi4(igroup,buf(0),1) !0-1
                     1
Warning: Rank mismatch in argument ‘a’ at (1) (rank-1 and scalar)
genmap.f:3339:27:

             call copy  (xc,buf( 2),8) !2 --17
                           1
Warning: Type mismatch in argument ‘y’ at (1); passed INTEGER(4) to REAL(8)
genmap.f:3340:27:

             call copy  (yc,buf(18),8) !18--33
                           1
Warning: Type mismatch in argument ‘y’ at (1); passed INTEGER(4) to REAL(8)
genmap.f:3341:27:

             call copy  (zc,buf(34),8) !34--49
                           1
Warning: Type mismatch in argument ‘y’ at (1); passed INTEGER(4) to REAL(8)
genmap.f:3343:27:

             call copy  (xc,buf( 2),4) !2 --9
                           1
Warning: Type mismatch in argument ‘y’ at (1); passed INTEGER(4) to REAL(8)
genmap.f:3344:27:

             call copy  (yc,buf(10),4) !10--17
                           1
Warning: Type mismatch in argument ‘y’ at (1); passed INTEGER(4) to REAL(8)
genmap.f:3349:27:

             call copy4r(xc,buf( 1),8)
                           1
Warning: Type mismatch in argument ‘b’ at (1); passed INTEGER(4) to REAL(4)
genmap.f:3350:27:

             call copy4r(yc,buf( 9),8)
                           1
Warning: Type mismatch in argument ‘b’ at (1); passed INTEGER(4) to REAL(4)
genmap.f:3351:27:

             call copy4r(zc,buf(17),8)
                           1
Warning: Type mismatch in argument ‘b’ at (1); passed INTEGER(4) to REAL(4)
genmap.f:3353:27:

             call copy4r(xc,buf( 1),4)
                           1
Warning: Type mismatch in argument ‘b’ at (1); passed INTEGER(4) to REAL(4)
genmap.f:3354:27:

             call copy4r(yc,buf( 5),4)
                           1
Warning: Type mismatch in argument ‘b’ at (1); passed INTEGER(4) to REAL(4)
genmap.f:268:16:

      $         ('Error reading ncurve in makemesh ',ierr)
                1
Warning: Character length of actual argument shorter than of dummy argument ‘name’ (33/40) at (1)
genmap.f:272:16:

      $         ('Error reading curve data in makemesh ',ierr)
                1
Warning: Character length of actual argument shorter than of dummy argument ‘name’ (37/40) at (1)
genmap.f:278:16:

      $         ('Error reading ncurve in makemesh ',ierr)
                1
Warning: Character length of actual argument shorter than of dummy argument ‘name’ (33/40) at (1)
genmap.f:282:16:

      $         ('Error reading curve data in makemesh ',ierr)
                1
Warning: Character length of actual argument shorter than of dummy argument ‘name’ (37/40) at (1)
genmap.f:3256:21:

      &              ('Error reading byte bcs ',ierr)
                     1
Warning: Character length of actual argument shorter than of dummy argument ‘name’ (23/40) at (1)
genmap.f:3290:21:

          call copyi4(e,buf(1),1) !1-2
                     1
Warning: Rank mismatch in argument ‘a’ at (1) (rank-1 and scalar)
genmap.f:3291:21:

          call copyi4(f,buf(3),1) !3-4
                     1
Warning: Rank mismatch in argument ‘a’ at (1) (rank-1 and scalar)
genmap.f:3292:31:

          call copy  (bl(1,f,e),buf(5),5) !5--14
                               1
Warning: Type mismatch in argument ‘y’ at (1); passed INTEGER(4) to REAL(8)
genmap.f:3293:31:

          call chcopy(cbl( f,e),buf(15),3)!15-16
                               1
Warning: Type mismatch in argument ‘y’ at (1); passed INTEGER(4) to CHARACTER(1)
genmap.f:3300:34:

          call copy48r ( bl(1,f,e),buf(3),5)
                                  1
Warning: Type mismatch in argument ‘b’ at (1); passed INTEGER(4) to REAL(4)
genmap.f:3301:34:

          call chcopy  (cbl(  f,e),buf(8),3)
                                  1
Warning: Type mismatch in argument ‘y’ at (1); passed INTEGER(4) to CHARACTER(1)
genmap.f:3267:21:

      &              ('Error reading byte bcs ',ierr)
                     1
Warning: Character length of actual argument shorter than of dummy argument ‘name’ (23/40) at (1)
genmap.f:299:24:

          call rd_bc_bin(cbc,bc,nelv,nelt,ifbswap)
                        1
Warning: Actual argument contains too few elements for dummy argument ‘cbc’ (18/9000000) at (1)
genmap.f:303:14:

      $       ('Error closing file in makemesh ',ierr)
              1
Warning: Character length of actual argument shorter than of dummy argument ‘name’ (31/40) at (1)
genmap.f:529:24:

       call cscan(string,'BOUNDARY',8) ! for now, fluid only
                        1
Warning: Character length of actual argument shorter than of dummy argument ‘key’ (8/80) at (1)
genmap.f:540:26:

          if (indx1(string,'NO ',3).ne.0) then
                          1
Warning: Character length of actual argument shorter than of dummy argument ‘s2’ (3/80) at (1)
genmap.f:542:30:

             call cscan(string,'BOUNDARY',8) ! then, temp only
                              1
Warning: Character length of actual argument shorter than of dummy argument ‘key’ (8/80) at (1)
genmap.f:2953:53:

             call tuple_sort(dx(0,i),lda,ninseg(iseg),j1,1,ind,dxt) !key=j1
                                                     1
Warning: Rank mismatch in argument ‘key’ at (1) (rank-1 and scalar)
genmap.f:323:54:

       call unique_vertex2(cell,dx,ndim,nelt,q,i_n,j_n,j_o,wk)
                                                      1
Warning: Type mismatch in argument ‘ifseg’ at (1); passed INTEGER(4) to LOGICAL(4)
genmap.f:141:59:

      $               (cell,nv,nelt,irnk,dx,ndim,cbc,bc,nfc,w14,w5)
                                                           1
Warning: Type mismatch in argument ‘iper’ at (1); passed REAL(8) to INTEGER(4)
genmap.f:2552:30:

          call sbisect (pmap,f,p2,w,n)
                              1
Warning: Type mismatch in argument ‘p’ at (1); passed REAL(8) to INTEGER(4)
genmap.f:2646:21:

          call ax(w,p,ia,ja,va,n)
                     1
Warning: Actual argument contains too few elements for dummy argument ‘ia’ (1/2) at (1)
genmap.f:2571:30:

          call lanczos2(f,rr,n,ev,d,u,niter)
                              1
Warning: Rank mismatch in argument ‘ev’ at (1) (rank-2 and scalar)
genmap.f:2576:27:

       call sbisect (pmap,f,p2,w,n)
                           1
Warning: Type mismatch in argument ‘p’ at (1); passed REAL(8) to INTEGER(4)
genmap.f:4079:46:

      $                     ,nel,d,u,r,p2,w,rr,ev,m,ndim)
                                              1
Warning: Rank mismatch in argument ‘ev’ at (1) (scalar and rank-1)
genmap.f:1438:22:

       call icadd(pmap,p,nel)
                      1
Warning: Type mismatch in argument ‘c’ at (1); passed REAL(8) to INTEGER(4)
genmap.f:1222:59:

      $        (n1,n2,pmap(j0),order,mo,elist(j0),n,cell,nv,p,w1,w2,w3)
                                                           1
Warning: Type mismatch in argument ‘p’ at (1); passed INTEGER(4) to REAL(8)
genmap.f:146:62:

      $                                           ,w1,w2,w3,w4,w5)
                                                              1
Warning: Type mismatch in argument ‘w3’ at (1); passed REAL(8) to INTEGER(4)
genmap.f:167:62:

      $                                           ,w1,w2,w3,w4,w5)
                                                              1
Warning: Type mismatch in argument ‘w3’ at (1); passed REAL(8) to INTEGER(4)
genmap.f:1122:27:

          call isort(ja(j0),ind,nj)
                           1
Warning: Rank mismatch in argument ‘ind’ at (1) (rank-1 and scalar)
genmap.f:3659:30:

       call breadth_first_fill(pb,pmax)
                              1
Warning: Actual argument contains too few elements for dummy argument ‘p’ (1/2) at (1)
genmap.f:4053:22:

       common /arrayi2/ jdual(32*lelm) , vdual(32*lelm)
                      1
Warning: Named COMMON block ‘arrayi2’ at (1) shall be of the same size as elsewhere (130000000 vs 18000000 bytes)
genmap.f:225:21:

       common /arrayi/ i_n(lpts) , j_n(4*lpts)
                     1
Warning: Named COMMON block ‘arrayi’ at (1) shall be of the same size as elsewhere (144000000 vs 48000000 bytes)
genmap.f:81:22:

       common /carrayw/ w1   (lpts) , w2   (lpts)
                      1
Warning: Named COMMON block ‘carrayw’ at (1) shall be of the same size as elsewhere (128000000 vs 160000000 bytes)
genmap.f:1974:22:

       common /arrayi2/ face (3*lpts) , elist(lelm) , ind  (lpts)
                      1
Warning: Named COMMON block ‘arrayi2’ at (1) shall be of the same size as elsewhere (66000000 vs 130000000 bytes)
gcc  -c -DUNDERSCORE ../../core/byte.c
gfortran -fdefault-real-8 -o /home/prabal/workstation/git_me/Nek5000/bin/genmap genmap.o byte.o  
make[1]: Leaving directory '/home/prabal/workstation/git_me/Nek5000/tools/genmap'

